<?xml version="1.0" encoding="UTF-8"?>
<testsuite xmlns:xsi="http://www.w3.org/2001/XMLSchema-instance" xsi:noNamespaceSchemaLocation="https://maven.apache.org/surefire/maven-surefire-plugin/xsd/surefire-test-report.xsd" name="System should allow any user to register with valid credentials validating the success message" time="0.702" tests="3" errors="0" skipped="3" failures="0">
  <properties>
[...]
</properties>
  <testcase name="System should allow any user to register with valid credentials validating the success message" classname="System should allow any user to register with valid credentials validating the success message" time="0">
    <skipped message="The step &quot;Go to gmibank.com home page us01&quot; is undefined. You can implement it using the snippet(s) below:&#10;&#10;@Given(&quot;Go to gmibank.com home page us01&quot;)&#10;public void go_to_gmibank_com_home_page_us01() {&#10;    // Write code here that turns the phrase above into concrete actions&#10;    throw new io.cucumber.java.PendingException();&#10;}&#10;&#10;&#10;Some other steps were also undefined:&#10;&#10;@Given(&quot;Click to User Account menu and Click to Register&quot;)&#10;public void click_to_User_Account_menu_and_Click_to_Register() {&#10;    // Write code here that turns the phrase above into concrete actions&#10;    throw new io.cucumber.java.PendingException();&#10;}&#10;@Given(&quot;Enter the SSN {string} with valid credential&quot;)&#10;public void enter_the_SSN_with_valid_credential(String string) {&#10;    // Write code here that turns the phrase above into concrete actions&#10;    throw new io.cucumber.java.PendingException();&#10;}&#10;@Given(&quot;Enter the name {string} with valid credential&quot;)&#10;public void enter_the_name_with_valid_credential(String string) {&#10;    // Write code here that turns the phrase above into concrete actions&#10;    throw new io.cucumber.java.PendingException();&#10;}&#10;@Given(&quot;Enter the last name {string} with valid credential&quot;)&#10;public void enter_the_last_name_with_valid_credential(String string) {&#10;    // Write code here that turns the phrase above into concrete actions&#10;    throw new io.cucumber.java.PendingException();&#10;}&#10;@Given(&quot;Enter the Address&quot;)&#10;public void enter_the_Address() {&#10;    // Write code here that turns the phrase above into concrete actions&#10;    throw new io.cucumber.java.PendingException();&#10;}&#10;@Given(&quot;Enter the GSM {string} with valid credential&quot;)&#10;public void enter_the_GSM_with_valid_credential(String string) {&#10;    // Write code here that turns the phrase above into concrete actions&#10;    throw new io.cucumber.java.PendingException();&#10;}&#10;@Given(&quot;Enter the valid username {string} with valid credentail&quot;)&#10;public void enter_the_valid_username_with_valid_credentail(String string) {&#10;    // Write code here that turns the phrase above into concrete actions&#10;    throw new io.cucumber.java.PendingException();&#10;}&#10;@Given(&quot;Enter the e-mail {string} with valid credential&quot;)&#10;public void enter_the_e_mail_with_valid_credential(String string) {&#10;    // Write code here that turns the phrase above into concrete actions&#10;    throw new io.cucumber.java.PendingException();&#10;}&#10;@Given(&quot;Enter the new {string} with valid credential&quot;)&#10;public void enter_the_new_with_valid_credential(String string) {&#10;    // Write code here that turns the phrase above into concrete actions&#10;    throw new io.cucumber.java.PendingException();&#10;}&#10;@Given(&quot;Enter the same password with valid credential {string}&quot;)&#10;public void enter_the_same_password_with_valid_credential(String string) {&#10;    // Write code here that turns the phrase above into concrete actions&#10;    throw new io.cucumber.java.PendingException();&#10;}&#10;@Given(&quot;Click to Register button&quot;)&#10;public void click_to_Register_button() {&#10;    // Write code here that turns the phrase above into concrete actions&#10;    throw new io.cucumber.java.PendingException();&#10;}&#10;@Then(&quot;There should be Succes message.&quot;)&#10;public void there_should_be_Succes_message() {&#10;    // Write code here that turns the phrase above into concrete actions&#10;    throw new io.cucumber.java.PendingException();&#10;}&#10;"/>
    <system-out><![CDATA[Dec 11, 2021 10:42:12 PM io.cucumber.junit.Cucumber <init>
WARNING: By default Cucumber is running in --non-strict mode.
This default will change to --strict and --non-strict will be removed.
You can use --strict or @CucumberOptions(strict = true) to suppress this warning

&amp#27;[33mUndefined scenarios:&amp#27;[0m
&amp#27;[33mfile:///C:/Users/BEST%20TECH/IdeaProjects/GmiBankProjectReview/src/test/resources/features/US_01.feature:24&amp#27;[0m# System should allow any user to register with valid credentials validating the success message
&amp#27;[33mfile:///C:/Users/BEST%20TECH/IdeaProjects/GmiBankProjectReview/src/test/resources/features/US_01.feature:25&amp#27;[0m# System should allow any user to register with valid credentials validating the success message
&amp#27;[33mfile:///C:/Users/BEST%20TECH/IdeaProjects/GmiBankProjectReview/src/test/resources/features/US_01.feature:26&amp#27;[0m# System should allow any user to register with valid credentials validating the success message

3 Scenarios (&amp#27;[33m3 undefined&amp#27;[0m)
39 Steps (&amp#27;[33m39 undefined&amp#27;[0m)
0m0.705s


You can implement missing steps with the snippets below:

@Given("Go to gmibank.com home page us01")
public void go_to_gmibank_com_home_page_us01() {
    // Write code here that turns the phrase above into concrete actions
    throw new io.cucumber.java.PendingException();
}

@Given("Click to User Account menu and Click to Register")
public void click_to_User_Account_menu_and_Click_to_Register() {
    // Write code here that turns the phrase above into concrete actions
    throw new io.cucumber.java.PendingException();
}

@Given("Enter the SSN {string} with valid credential")
public void enter_the_SSN_with_valid_credential(String string) {
    // Write code here that turns the phrase above into concrete actions
    throw new io.cucumber.java.PendingException();
}

@Given("Enter the name {string} with valid credential")
public void enter_the_name_with_valid_credential(String string) {
    // Write code here that turns the phrase above into concrete actions
    throw new io.cucumber.java.PendingException();
}

@Given("Enter the last name {string} with valid credential")
public void enter_the_last_name_with_valid_credential(String string) {
    // Write code here that turns the phrase above into concrete actions
    throw new io.cucumber.java.PendingException();
}

@Given("Enter the Address")
public void enter_the_Address() {
    // Write code here that turns the phrase above into concrete actions
    throw new io.cucumber.java.PendingException();
}

@Given("Enter the GSM {string} with valid credential")
public void enter_the_GSM_with_valid_credential(String string) {
    // Write code here that turns the phrase above into concrete actions
    throw new io.cucumber.java.PendingException();
}

@Given("Enter the valid username {string} with valid credentail")
public void enter_the_valid_username_with_valid_credentail(String string) {
    // Write code here that turns the phrase above into concrete actions
    throw new io.cucumber.java.PendingException();
}

@Given("Enter the e-mail {string} with valid credential")
public void enter_the_e_mail_with_valid_credential(String string) {
    // Write code here that turns the phrase above into concrete actions
    throw new io.cucumber.java.PendingException();
}

@Given("Enter the new {string} with valid credential")
public void enter_the_new_with_valid_credential(String string) {
    // Write code here that turns the phrase above into concrete actions
    throw new io.cucumber.java.PendingException();
}

@Given("Enter the same password with valid credential {string}")
public void enter_the_same_password_with_valid_credential(String string) {
    // Write code here that turns the phrase above into concrete actions
    throw new io.cucumber.java.PendingException();
}

@Given("Click to Register button")
public void click_to_Register_button() {
    // Write code here that turns the phrase above into concrete actions
    throw new io.cucumber.java.PendingException();
}

@Then("There should be Succes message.")
public void there_should_be_Succes_message() {
    // Write code here that turns the phrase above into concrete actions
    throw new io.cucumber.java.PendingException();
}



@US01 @US01TC10
Scenario Outline: System should allow any user to register with valid credentials validating the success message &amp#27;[90m# src/test/resources/features/US_01.feature:24&amp#27;[0m
  &amp#27;[33mGiven &amp#27;[0m&amp#27;[33mGo to gmibank.com home page us01&amp#27;[0m                                                                         &amp#27;[90m# null&amp#27;[0m
  &amp#27;[33mAnd &amp#27;[0m&amp#27;[33mClick to User Account menu and Click to Register&amp#27;[0m                                                           &amp#27;[90m# null&amp#27;[0m
  &amp#27;[33mAnd &amp#27;[0m&amp#27;[33mEnter the SSN "456-36-6632" with valid credential&amp#27;[0m                                                          &amp#27;[90m# null&amp#27;[0m
  &amp#27;[33mAnd &amp#27;[0m&amp#27;[33mEnter the name "Hasan" with valid credential&amp#27;[0m                                                               &amp#27;[90m# null&amp#27;[0m
  &amp#27;[33mAnd &amp#27;[0m&amp#27;[33mEnter the last name "Kara" with valid credential&amp#27;[0m                                                           &amp#27;[90m# null&amp#27;[0m
  &amp#27;[33mAnd &amp#27;[0m&amp#27;[33mEnter the Address&amp#27;[0m                                                                                          &amp#27;[90m# null&amp#27;[0m
  &amp#27;[33mAnd &amp#27;[0m&amp#27;[33mEnter the GSM "560-899-8296" with valid credential&amp#27;[0m                                                         &amp#27;[90m# null&amp#27;[0m
  &amp#27;[33mAnd &amp#27;[0m&amp#27;[33mEnter the valid username "gmibankeuser04" with valid credentail&amp#27;[0m                                            &amp#27;[90m# null&amp#27;[0m
  &amp#27;[33mAnd &amp#27;[0m&amp#27;[33mEnter the e-mail "gmibankeuser04@gmail.com" with valid credential&amp#27;[0m                                          &amp#27;[90m# null&amp#27;[0m
  &amp#27;[33mAnd &amp#27;[0m&amp#27;[33mEnter the new "234@!Abc+=" with valid credential&amp#27;[0m                                                           &amp#27;[90m# null&amp#27;[0m
  &amp#27;[33mAnd &amp#27;[0m&amp#27;[33mEnter the same password with valid credential "234@!Abc+="&amp#27;[0m                                                 &amp#27;[90m# null&amp#27;[0m
  &amp#27;[33mAnd &amp#27;[0m&amp#27;[33mClick to Register button&amp#27;[0m                                                                                   &amp#27;[90m# null&amp#27;[0m
  &amp#27;[33mThen &amp#27;[0m&amp#27;[33mThere should be Succes message.&amp#27;[0m                                                                           &amp#27;[90m# null&amp#27;[0m
]]></system-out>
  </testcase>
  <testcase name="System should allow any user to register with valid credentials validating the success message" classname="System should allow any user to register with valid credentials validating the success message" time="0">
    <skipped message="The step &quot;Go to gmibank.com home page us01&quot; is undefined. You can implement it using the snippet(s) below:&#10;&#10;@Given(&quot;Go to gmibank.com home page us01&quot;)&#10;public void go_to_gmibank_com_home_page_us01() {&#10;    // Write code here that turns the phrase above into concrete actions&#10;    throw new io.cucumber.java.PendingException();&#10;}&#10;&#10;&#10;Some other steps were also undefined:&#10;&#10;@Given(&quot;Click to User Account menu and Click to Register&quot;)&#10;public void click_to_User_Account_menu_and_Click_to_Register() {&#10;    // Write code here that turns the phrase above into concrete actions&#10;    throw new io.cucumber.java.PendingException();&#10;}&#10;@Given(&quot;Enter the SSN {string} with valid credential&quot;)&#10;public void enter_the_SSN_with_valid_credential(String string) {&#10;    // Write code here that turns the phrase above into concrete actions&#10;    throw new io.cucumber.java.PendingException();&#10;}&#10;@Given(&quot;Enter the name {string} with valid credential&quot;)&#10;public void enter_the_name_with_valid_credential(String string) {&#10;    // Write code here that turns the phrase above into concrete actions&#10;    throw new io.cucumber.java.PendingException();&#10;}&#10;@Given(&quot;Enter the last name {string} with valid credential&quot;)&#10;public void enter_the_last_name_with_valid_credential(String string) {&#10;    // Write code here that turns the phrase above into concrete actions&#10;    throw new io.cucumber.java.PendingException();&#10;}&#10;@Given(&quot;Enter the Address&quot;)&#10;public void enter_the_Address() {&#10;    // Write code here that turns the phrase above into concrete actions&#10;    throw new io.cucumber.java.PendingException();&#10;}&#10;@Given(&quot;Enter the GSM {string} with valid credential&quot;)&#10;public void enter_the_GSM_with_valid_credential(String string) {&#10;    // Write code here that turns the phrase above into concrete actions&#10;    throw new io.cucumber.java.PendingException();&#10;}&#10;@Given(&quot;Enter the valid username {string} with valid credentail&quot;)&#10;public void enter_the_valid_username_with_valid_credentail(String string) {&#10;    // Write code here that turns the phrase above into concrete actions&#10;    throw new io.cucumber.java.PendingException();&#10;}&#10;@Given(&quot;Enter the e-mail {string} with valid credential&quot;)&#10;public void enter_the_e_mail_with_valid_credential(String string) {&#10;    // Write code here that turns the phrase above into concrete actions&#10;    throw new io.cucumber.java.PendingException();&#10;}&#10;@Given(&quot;Enter the new {string} with valid credential&quot;)&#10;public void enter_the_new_with_valid_credential(String string) {&#10;    // Write code here that turns the phrase above into concrete actions&#10;    throw new io.cucumber.java.PendingException();&#10;}&#10;@Given(&quot;Enter the same password with valid credential {string}&quot;)&#10;public void enter_the_same_password_with_valid_credential(String string) {&#10;    // Write code here that turns the phrase above into concrete actions&#10;    throw new io.cucumber.java.PendingException();&#10;}&#10;@Given(&quot;Click to Register button&quot;)&#10;public void click_to_Register_button() {&#10;    // Write code here that turns the phrase above into concrete actions&#10;    throw new io.cucumber.java.PendingException();&#10;}&#10;@Then(&quot;There should be Succes message.&quot;)&#10;public void there_should_be_Succes_message() {&#10;    // Write code here that turns the phrase above into concrete actions&#10;    throw new io.cucumber.java.PendingException();&#10;}&#10;"/>
    <system-out><![CDATA[
@US01 @US01TC10
Scenario Outline: System should allow any user to register with valid credentials validating the success message &amp#27;[90m# src/test/resources/features/US_01.feature:25&amp#27;[0m
  &amp#27;[33mGiven &amp#27;[0m&amp#27;[33mGo to gmibank.com home page us01&amp#27;[0m                                                                         &amp#27;[90m# null&amp#27;[0m
  &amp#27;[33mAnd &amp#27;[0m&amp#27;[33mClick to User Account menu and Click to Register&amp#27;[0m                                                           &amp#27;[90m# null&amp#27;[0m
  &amp#27;[33mAnd &amp#27;[0m&amp#27;[33mEnter the SSN "456-36-6631" with valid credential&amp#27;[0m                                                          &amp#27;[90m# null&amp#27;[0m
  &amp#27;[33mAnd &amp#27;[0m&amp#27;[33mEnter the name "Abdullah" with valid credential&amp#27;[0m                                                            &amp#27;[90m# null&amp#27;[0m
  &amp#27;[33mAnd &amp#27;[0m&amp#27;[33mEnter the last name "Kara" with valid credential&amp#27;[0m                                                           &amp#27;[90m# null&amp#27;[0m
  &amp#27;[33mAnd &amp#27;[0m&amp#27;[33mEnter the Address&amp#27;[0m                                                                                          &amp#27;[90m# null&amp#27;[0m
  &amp#27;[33mAnd &amp#27;[0m&amp#27;[33mEnter the GSM "561-899-8297" with valid credential&amp#27;[0m                                                         &amp#27;[90m# null&amp#27;[0m
  &amp#27;[33mAnd &amp#27;[0m&amp#27;[33mEnter the valid username "gmibankwuser05" with valid credentail&amp#27;[0m                                            &amp#27;[90m# null&amp#27;[0m
  &amp#27;[33mAnd &amp#27;[0m&amp#27;[33mEnter the e-mail "gmibank5user05@gmail.com" with valid credential&amp#27;[0m                                          &amp#27;[90m# null&amp#27;[0m
  &amp#27;[33mAnd &amp#27;[0m&amp#27;[33mEnter the new "234@!Abc+#" with valid credential&amp#27;[0m                                                           &amp#27;[90m# null&amp#27;[0m
  &amp#27;[33mAnd &amp#27;[0m&amp#27;[33mEnter the same password with valid credential "234@!Abc+#"&amp#27;[0m                                                 &amp#27;[90m# null&amp#27;[0m
  &amp#27;[33mAnd &amp#27;[0m&amp#27;[33mClick to Register button&amp#27;[0m                                                                                   &amp#27;[90m# null&amp#27;[0m
  &amp#27;[33mThen &amp#27;[0m&amp#27;[33mThere should be Succes message.&amp#27;[0m                                                                           &amp#27;[90m# null&amp#27;[0m
]]></system-out>
  </testcase>
  <testcase name="System should allow any user to register with valid credentials validating the success message" classname="System should allow any user to register with valid credentials validating the success message" time="0">
    <skipped message="The step &quot;Go to gmibank.com home page us01&quot; is undefined. You can implement it using the snippet(s) below:&#10;&#10;@Given(&quot;Go to gmibank.com home page us01&quot;)&#10;public void go_to_gmibank_com_home_page_us01() {&#10;    // Write code here that turns the phrase above into concrete actions&#10;    throw new io.cucumber.java.PendingException();&#10;}&#10;&#10;&#10;Some other steps were also undefined:&#10;&#10;@Given(&quot;Click to User Account menu and Click to Register&quot;)&#10;public void click_to_User_Account_menu_and_Click_to_Register() {&#10;    // Write code here that turns the phrase above into concrete actions&#10;    throw new io.cucumber.java.PendingException();&#10;}&#10;@Given(&quot;Enter the SSN {string} with valid credential&quot;)&#10;public void enter_the_SSN_with_valid_credential(String string) {&#10;    // Write code here that turns the phrase above into concrete actions&#10;    throw new io.cucumber.java.PendingException();&#10;}&#10;@Given(&quot;Enter the name {string} with valid credential&quot;)&#10;public void enter_the_name_with_valid_credential(String string) {&#10;    // Write code here that turns the phrase above into concrete actions&#10;    throw new io.cucumber.java.PendingException();&#10;}&#10;@Given(&quot;Enter the last name {string} with valid credential&quot;)&#10;public void enter_the_last_name_with_valid_credential(String string) {&#10;    // Write code here that turns the phrase above into concrete actions&#10;    throw new io.cucumber.java.PendingException();&#10;}&#10;@Given(&quot;Enter the Address&quot;)&#10;public void enter_the_Address() {&#10;    // Write code here that turns the phrase above into concrete actions&#10;    throw new io.cucumber.java.PendingException();&#10;}&#10;@Given(&quot;Enter the GSM {string} with valid credential&quot;)&#10;public void enter_the_GSM_with_valid_credential(String string) {&#10;    // Write code here that turns the phrase above into concrete actions&#10;    throw new io.cucumber.java.PendingException();&#10;}&#10;@Given(&quot;Enter the valid username {string} with valid credentail&quot;)&#10;public void enter_the_valid_username_with_valid_credentail(String string) {&#10;    // Write code here that turns the phrase above into concrete actions&#10;    throw new io.cucumber.java.PendingException();&#10;}&#10;@Given(&quot;Enter the e-mail {string} with valid credential&quot;)&#10;public void enter_the_e_mail_with_valid_credential(String string) {&#10;    // Write code here that turns the phrase above into concrete actions&#10;    throw new io.cucumber.java.PendingException();&#10;}&#10;@Given(&quot;Enter the new {string} with valid credential&quot;)&#10;public void enter_the_new_with_valid_credential(String string) {&#10;    // Write code here that turns the phrase above into concrete actions&#10;    throw new io.cucumber.java.PendingException();&#10;}&#10;@Given(&quot;Enter the same password with valid credential {string}&quot;)&#10;public void enter_the_same_password_with_valid_credential(String string) {&#10;    // Write code here that turns the phrase above into concrete actions&#10;    throw new io.cucumber.java.PendingException();&#10;}&#10;@Given(&quot;Click to Register button&quot;)&#10;public void click_to_Register_button() {&#10;    // Write code here that turns the phrase above into concrete actions&#10;    throw new io.cucumber.java.PendingException();&#10;}&#10;@Then(&quot;There should be Succes message.&quot;)&#10;public void there_should_be_Succes_message() {&#10;    // Write code here that turns the phrase above into concrete actions&#10;    throw new io.cucumber.java.PendingException();&#10;}&#10;"/>
    <system-out><![CDATA[
@US01 @US01TC10
Scenario Outline: System should allow any user to register with valid credentials validating the success message &amp#27;[90m# src/test/resources/features/US_01.feature:26&amp#27;[0m
  &amp#27;[33mGiven &amp#27;[0m&amp#27;[33mGo to gmibank.com home page us01&amp#27;[0m                                                                         &amp#27;[90m# null&amp#27;[0m
  &amp#27;[33mAnd &amp#27;[0m&amp#27;[33mClick to User Account menu and Click to Register&amp#27;[0m                                                           &amp#27;[90m# null&amp#27;[0m
  &amp#27;[33mAnd &amp#27;[0m&amp#27;[33mEnter the SSN "456-37-6633" with valid credential&amp#27;[0m                                                          &amp#27;[90m# null&amp#27;[0m
  &amp#27;[33mAnd &amp#27;[0m&amp#27;[33mEnter the name "Ayhan" with valid credential&amp#27;[0m                                                               &amp#27;[90m# null&amp#27;[0m
  &amp#27;[33mAnd &amp#27;[0m&amp#27;[33mEnter the last name "Kara" with valid credential&amp#27;[0m                                                           &amp#27;[90m# null&amp#27;[0m
  &amp#27;[33mAnd &amp#27;[0m&amp#27;[33mEnter the Address&amp#27;[0m                                                                                          &amp#27;[90m# null&amp#27;[0m
  &amp#27;[33mAnd &amp#27;[0m&amp#27;[33mEnter the GSM "563-899-8298" with valid credential&amp#27;[0m                                                         &amp#27;[90m# null&amp#27;[0m
  &amp#27;[33mAnd &amp#27;[0m&amp#27;[33mEnter the valid username "gmibankouser06" with valid credentail&amp#27;[0m                                            &amp#27;[90m# null&amp#27;[0m
  &amp#27;[33mAnd &amp#27;[0m&amp#27;[33mEnter the e-mail "gmibank6user06@gmail.com" with valid credential&amp#27;[0m                                          &amp#27;[90m# null&amp#27;[0m
  &amp#27;[33mAnd &amp#27;[0m&amp#27;[33mEnter the new "234@!Abc+$" with valid credential&amp#27;[0m                                                           &amp#27;[90m# null&amp#27;[0m
  &amp#27;[33mAnd &amp#27;[0m&amp#27;[33mEnter the same password with valid credential "234@!Abc+$"&amp#27;[0m                                                 &amp#27;[90m# null&amp#27;[0m
  &amp#27;[33mAnd &amp#27;[0m&amp#27;[33mClick to Register button&amp#27;[0m                                                                                   &amp#27;[90m# null&amp#27;[0m
  &amp#27;[33mThen &amp#27;[0m&amp#27;[33mThere should be Succes message.&amp#27;[0m                                                                           &amp#27;[90m# null&amp#27;[0m
]]></system-out>
  </testcase>
</testsuite>